<?xml version="1.0" encoding="UTF-8"?>
<!-- Generated by org.testng.reporters.JUnitXMLReporter -->
<testsuite ignored="0" hostname="Sabbir" failures="0" tests="8" name="Default test" time="185.482" errors="0" timestamp="2022-09-03T21:03:13 BDT">
  <testcase classname="org.bd.daraz.darazHome" name="openurl" time="18.774"/>
  <testcase classname="org.bd.daraz.darazHome" name="login" time="18.015"/>
  <testcase classname="org.bd.daraz.darazHome" name="logininfo" time="5.374"/>
  <testcase classname="org.bd.daraz.darazHome" name="searchproduct" time="31.233"/>
  <testcase classname="org.bd.daraz.darazHome" name="pricedropdown" time="8.71"/>
  <testcase classname="org.bd.daraz.darazHome" name="selectproduct" time="16.905"/>
  <testcase classname="org.bd.daraz.darazHome" name="cartproduct" time="52.127"/>
  <testcase classname="org.bd.daraz.darazHome" name="darazmart" time="34.299"/>
</testsuite> <!-- Default test -->
