<?xml version="1.0" encoding="UTF-8"?>
<!-- Generated by org.testng.reporters.JUnitXMLReporter -->
<testsuite ignored="6" hostname="DESKTOP-PLB89U6" failures="0" tests="5" name="Test" time="205.029" errors="0" timestamp="2022-10-28T19:47:18 BDT">
  <testcase classname="tests.UponnashSelection" name="ClickOnAuthor" time="34.876"/>
  <testcase classname="tests.BookSelection" name="ClickOnbook" time="40.146"/>
  <testcase classname="tests.BookSelection" name="ClickOncart" time="52.596"/>
  <testcase classname="tests.Checkoutprocess" name="ClickOnbook" time="41.387"/>
  <testcase classname="tests.Shippingprocess" name="shippinginfo" time="18.47"/>
  <testcase classname="drivers.BaseDriver" name="@BeforeSuite start" time="0.0">
    <ignored/>
  </testcase> <!-- @BeforeSuite start -->
  <testcase classname="drivers.BaseDriver" name="@AfterSuite close" time="0.0">
    <ignored/>
  </testcase> <!-- @AfterSuite close -->
  <testcase classname="drivers.BaseDriver" name="@BeforeSuite start" time="0.0">
    <ignored/>
  </testcase> <!-- @BeforeSuite start -->
  <testcase classname="drivers.BaseDriver" name="@AfterSuite close" time="0.0">
    <ignored/>
  </testcase> <!-- @AfterSuite close -->
  <testcase classname="drivers.BaseDriver" name="@BeforeSuite start" time="0.0">
    <ignored/>
  </testcase> <!-- @BeforeSuite start -->
  <testcase classname="drivers.BaseDriver" name="@AfterSuite close" time="0.0">
    <ignored/>
  </testcase> <!-- @AfterSuite close -->
</testsuite> <!-- Test -->
