<?xml version="1.0" encoding="UTF-8"?>
<testng-results ignored="0" total="8" passed="8" failed="0" skipped="0">
  <reporter-output>
  </reporter-output>
  <suite started-at="2022-09-03T21:00:08 BDT" name="Default suite" finished-at="2022-09-03T21:03:13 BDT" duration-ms="185482">
    <groups>
    </groups>
    <test started-at="2022-09-03T21:00:08 BDT" name="Default test" finished-at="2022-09-03T21:03:13 BDT" duration-ms="185482">
      <class name="org.bd.daraz.darazHome">
        <test-method is-config="true" signature="browser()[pri:0, instance:org.bd.daraz.darazHome@35d019a3]" started-at="2022-09-03T21:00:05 BDT" name="browser" finished-at="2022-09-03T21:00:08 BDT" duration-ms="2364" status="PASS">
          <reporter-output>
          </reporter-output>
        </test-method> <!-- browser -->
        <test-method signature="openurl()[pri:0, instance:org.bd.daraz.darazHome@35d019a3]" started-at="2022-09-03T21:00:08 BDT" name="openurl" finished-at="2022-09-03T21:00:26 BDT" duration-ms="18774" status="PASS">
          <reporter-output>
          </reporter-output>
        </test-method> <!-- openurl -->
        <test-method signature="login()[pri:1, instance:org.bd.daraz.darazHome@35d019a3]" started-at="2022-09-03T21:00:26 BDT" name="login" finished-at="2022-09-03T21:00:44 BDT" duration-ms="18015" status="PASS">
          <reporter-output>
          </reporter-output>
        </test-method> <!-- login -->
        <test-method signature="logininfo()[pri:2, instance:org.bd.daraz.darazHome@35d019a3]" started-at="2022-09-03T21:00:44 BDT" name="logininfo" finished-at="2022-09-03T21:00:50 BDT" duration-ms="5374" status="PASS">
          <reporter-output>
          </reporter-output>
        </test-method> <!-- logininfo -->
        <test-method signature="searchproduct()[pri:3, instance:org.bd.daraz.darazHome@35d019a3]" started-at="2022-09-03T21:00:50 BDT" name="searchproduct" finished-at="2022-09-03T21:01:21 BDT" duration-ms="31233" status="PASS">
          <reporter-output>
          </reporter-output>
        </test-method> <!-- searchproduct -->
        <test-method signature="pricedropdown()[pri:4, instance:org.bd.daraz.darazHome@35d019a3]" started-at="2022-09-03T21:01:21 BDT" name="pricedropdown" finished-at="2022-09-03T21:01:30 BDT" duration-ms="8710" status="PASS">
          <reporter-output>
          </reporter-output>
        </test-method> <!-- pricedropdown -->
        <test-method signature="selectproduct()[pri:5, instance:org.bd.daraz.darazHome@35d019a3]" started-at="2022-09-03T21:01:30 BDT" name="selectproduct" finished-at="2022-09-03T21:01:47 BDT" duration-ms="16905" status="PASS">
          <reporter-output>
          </reporter-output>
        </test-method> <!-- selectproduct -->
        <test-method signature="cartproduct()[pri:6, instance:org.bd.daraz.darazHome@35d019a3]" started-at="2022-09-03T21:01:47 BDT" name="cartproduct" finished-at="2022-09-03T21:02:39 BDT" duration-ms="52127" status="PASS">
          <reporter-output>
          </reporter-output>
        </test-method> <!-- cartproduct -->
        <test-method signature="darazmart()[pri:7, instance:org.bd.daraz.darazHome@35d019a3]" started-at="2022-09-03T21:02:39 BDT" name="darazmart" finished-at="2022-09-03T21:03:13 BDT" duration-ms="34299" status="PASS">
          <reporter-output>
          </reporter-output>
        </test-method> <!-- darazmart -->
        <test-method is-config="true" signature="driverclose()[pri:0, instance:org.bd.daraz.darazHome@35d019a3]" started-at="2022-09-03T21:03:13 BDT" name="driverclose" finished-at="2022-09-03T21:03:13 BDT" duration-ms="333" status="PASS">
          <reporter-output>
          </reporter-output>
        </test-method> <!-- driverclose -->
      </class> <!-- org.bd.daraz.darazHome -->
    </test> <!-- Default test -->
  </suite> <!-- Default suite -->
</testng-results>
