<?xml version="1.0" encoding="UTF-8"?>
<testng-results ignored="6" total="11" passed="5" failed="0" skipped="0">
  <reporter-output>
  </reporter-output>
  <suite started-at="2022-10-28T19:43:53 BDT" name="Suite" finished-at="2022-10-28T19:47:18 BDT" duration-ms="205029">
    <groups>
    </groups>
    <test started-at="2022-10-28T19:43:53 BDT" name="Test" finished-at="2022-10-28T19:47:18 BDT" duration-ms="205029">
      <class name="tests.Shippingprocess">
        <test-method is-config="true" signature="startUrl()[pri:0, instance:tests.Shippingprocess@78e4deb0]" started-at="2022-10-28T19:46:59 BDT" name="startUrl" finished-at="2022-10-28T19:46:59 BDT" duration-ms="5" status="PASS">
          <reporter-output>
          </reporter-output>
        </test-method> <!-- startUrl -->
        <test-method signature="shippinginfo()[pri:0, instance:tests.Shippingprocess@78e4deb0]" started-at="2022-10-28T19:46:59 BDT" name="shippinginfo" finished-at="2022-10-28T19:47:18 BDT" duration-ms="18470" status="PASS">
          <reporter-output>
          </reporter-output>
        </test-method> <!-- shippinginfo -->
        <test-method is-config="true" signature="afterClass()[pri:0, instance:tests.Shippingprocess@78e4deb0]" started-at="2022-10-28T19:47:18 BDT" name="afterClass" finished-at="2022-10-28T19:47:18 BDT" duration-ms="100" status="PASS">
          <reporter-output>
          </reporter-output>
        </test-method> <!-- afterClass -->
      </class> <!-- tests.Shippingprocess -->
      <class name="tests.UponnashSelection">
        <test-method is-config="true" signature="start()[pri:0, instance:tests.UponnashSelection@6d4d66d2]" started-at="2022-10-28T19:43:51 BDT" name="start" finished-at="2022-10-28T19:43:53 BDT" duration-ms="2178" status="PASS">
          <reporter-output>
          </reporter-output>
        </test-method> <!-- start -->
        <test-method is-config="true" signature="startUrl()[pri:0, instance:tests.UponnashSelection@6d4d66d2]" started-at="2022-10-28T19:43:53 BDT" name="startUrl" finished-at="2022-10-28T19:44:10 BDT" duration-ms="16972" status="PASS">
          <reporter-output>
          </reporter-output>
        </test-method> <!-- startUrl -->
        <test-method signature="ClickOnAuthor()[pri:0, instance:tests.UponnashSelection@6d4d66d2]" started-at="2022-10-28T19:44:10 BDT" name="ClickOnAuthor" finished-at="2022-10-28T19:44:45 BDT" duration-ms="34876" status="PASS">
          <reporter-output>
          </reporter-output>
        </test-method> <!-- ClickOnAuthor -->
        <test-method is-config="true" signature="afterClass()[pri:0, instance:tests.UponnashSelection@6d4d66d2]" started-at="2022-10-28T19:44:45 BDT" name="afterClass" finished-at="2022-10-28T19:44:45 BDT" duration-ms="253" status="PASS">
          <reporter-output>
          </reporter-output>
        </test-method> <!-- afterClass -->
        <test-method is-config="true" signature="close()[pri:0, instance:tests.UponnashSelection@6d4d66d2]" started-at="2022-10-28T19:47:18 BDT" name="close" finished-at="2022-10-28T19:47:18 BDT" duration-ms="183" status="PASS">
          <reporter-output>
          </reporter-output>
        </test-method> <!-- close -->
      </class> <!-- tests.UponnashSelection -->
      <class name="tests.Checkoutprocess">
        <test-method is-config="true" signature="startUrl()[pri:0, instance:tests.Checkoutprocess@5b1669c0]" started-at="2022-10-28T19:46:18 BDT" name="startUrl" finished-at="2022-10-28T19:46:18 BDT" duration-ms="5" status="PASS">
          <reporter-output>
          </reporter-output>
        </test-method> <!-- startUrl -->
        <test-method signature="ClickOnbook()[pri:0, instance:tests.Checkoutprocess@5b1669c0]" started-at="2022-10-28T19:46:18 BDT" name="ClickOnbook" finished-at="2022-10-28T19:46:59 BDT" duration-ms="41387" status="PASS">
          <reporter-output>
          </reporter-output>
        </test-method> <!-- ClickOnbook -->
        <test-method is-config="true" signature="afterClass()[pri:0, instance:tests.Checkoutprocess@5b1669c0]" started-at="2022-10-28T19:46:59 BDT" name="afterClass" finished-at="2022-10-28T19:46:59 BDT" duration-ms="90" status="PASS">
          <reporter-output>
          </reporter-output>
        </test-method> <!-- afterClass -->
      </class> <!-- tests.Checkoutprocess -->
      <class name="tests.BookSelection">
        <test-method is-config="true" signature="startUrl()[pri:0, instance:tests.BookSelection@1530c739]" started-at="2022-10-28T19:44:45 BDT" name="startUrl" finished-at="2022-10-28T19:44:45 BDT" duration-ms="7" status="PASS">
          <reporter-output>
          </reporter-output>
        </test-method> <!-- startUrl -->
        <test-method signature="ClickOnbook()[pri:0, instance:tests.BookSelection@1530c739]" started-at="2022-10-28T19:44:45 BDT" name="ClickOnbook" finished-at="2022-10-28T19:45:25 BDT" duration-ms="40146" status="PASS">
          <reporter-output>
          </reporter-output>
        </test-method> <!-- ClickOnbook -->
        <test-method signature="ClickOncart()[pri:1, instance:tests.BookSelection@1530c739]" started-at="2022-10-28T19:45:25 BDT" name="ClickOncart" finished-at="2022-10-28T19:46:18 BDT" duration-ms="52596" status="PASS">
          <reporter-output>
          </reporter-output>
        </test-method> <!-- ClickOncart -->
        <test-method is-config="true" signature="afterClass()[pri:0, instance:tests.BookSelection@1530c739]" started-at="2022-10-28T19:46:18 BDT" name="afterClass" finished-at="2022-10-28T19:46:18 BDT" duration-ms="80" status="PASS">
          <reporter-output>
          </reporter-output>
        </test-method> <!-- afterClass -->
      </class> <!-- tests.BookSelection -->
    </test> <!-- Test -->
  </suite> <!-- Suite -->
</testng-results>
